<?xml version="1.0" encoding="UTF-8"?>
<testsuite name="QuicksortTest" tests="1" skipped="0" failures="0" errors="0" timestamp="2024-12-01T03:23:30" hostname="LAPTOP-7629IP9H" time="0.617">
  <properties/>
  <testcase name="testPar()" classname="QuicksortTest" time="0.617"/>
  <system-out><![CDATA[]]></system-out>
  <system-err><![CDATA[]]></system-err>
</testsuite>
